This is pdfTeX, Version 3.14159265-2.6-1.40.16 (MiKTeX 2.9) (preloaded format=pdflatex 2015.9.7)  27 SEP 2016 13:21
entering extended mode
**informe.tex
(informe.tex
LaTeX2e <2015/01/01> patch level 2
Babel <3.9m> and hyphenation patterns for 69 languages loaded.
("C:\Program Files (x86)\MiKTeX 2.9\tex\latex\base\article.cls"
Document Class: article 2014/09/29 v1.4h Standard LaTeX document class
("C:\Program Files (x86)\MiKTeX 2.9\tex\latex\base\size10.clo"
File: size10.clo 2014/09/29 v1.4h Standard LaTeX file (size option)
)
\c@part=\count79
\c@section=\count80
\c@subsection=\count81
\c@subsubsection=\count82
\c@paragraph=\count83
\c@subparagraph=\count84
\c@figure=\count85
\c@table=\count86
\abovecaptionskip=\skip41
\belowcaptionskip=\skip42
\bibindent=\dimen102
)
("C:\Program Files (x86)\MiKTeX 2.9\tex\generic\babel\babel.sty"
Package: babel 2015/08/03 3.9m The Babel package

*************************************
* Local config file bblopts.cfg used
*
("C:\Program Files (x86)\MiKTeX 2.9\tex\latex\00miktex\bblopts.cfg"
File: bblopts.cfg 2006/07/31 v1.0 MiKTeX 'babel' configuration
)
("C:\Program Files (x86)\MiKTeX 2.9\tex\latex\babel-spanish\spanish.ldf"
Language: spanish.ldf 2014/04/24 v5.0n Spanish support from the babel system

("C:\Program Files (x86)\MiKTeX 2.9\tex\generic\babel\babel.def"
File: babel.def 2015/08/03 3.9m Babel common definitions
\babel@savecnt=\count87
\U@D=\dimen103
)
\es@quottoks=\toks14
\es@quotdepth=\count88
Package babel Info: Making " an active character on input line 516.
Package babel Info: Making . an active character on input line 617.
Package babel Info: Making < an active character on input line 662.
Package babel Info: Making > an active character on input line 662.
))
("C:\Program Files (x86)\MiKTeX 2.9\tex\latex\base\inputenc.sty"
Package: inputenc 2015/03/17 v1.2c Input encoding file
\inpenc@prehook=\toks15
\inpenc@posthook=\toks16

("C:\Program Files (x86)\MiKTeX 2.9\tex\latex\base\utf8.def"
File: utf8.def 2015/06/27 v1.1n UTF-8 support for inputenc
Now handling font encoding OML ...
... no UTF-8 mapping file for font encoding OML
Now handling font encoding T1 ...
... processing UTF-8 mapping file for font encoding T1

("C:\Program Files (x86)\MiKTeX 2.9\tex\latex\base\t1enc.dfu"
File: t1enc.dfu 2015/06/27 v1.1n UTF-8 support for inputenc
   defining Unicode char U+00A1 (decimal 161)
   defining Unicode char U+00A3 (decimal 163)
   defining Unicode char U+00AB (decimal 171)
   defining Unicode char U+00BB (decimal 187)
   defining Unicode char U+00BF (decimal 191)
   defining Unicode char U+00C0 (decimal 192)
   defining Unicode char U+00C1 (decimal 193)
   defining Unicode char U+00C2 (decimal 194)
   defining Unicode char U+00C3 (decimal 195)
   defining Unicode char U+00C4 (decimal 196)
   defining Unicode char U+00C5 (decimal 197)
   defining Unicode char U+00C6 (decimal 198)
   defining Unicode char U+00C7 (decimal 199)
   defining Unicode char U+00C8 (decimal 200)
   defining Unicode char U+00C9 (decimal 201)
   defining Unicode char U+00CA (decimal 202)
   defining Unicode char U+00CB (decimal 203)
   defining Unicode char U+00CC (decimal 204)
   defining Unicode char U+00CD (decimal 205)
   defining Unicode char U+00CE (decimal 206)
   defining Unicode char U+00CF (decimal 207)
   defining Unicode char U+00D0 (decimal 208)
   defining Unicode char U+00D1 (decimal 209)
   defining Unicode char U+00D2 (decimal 210)
   defining Unicode char U+00D3 (decimal 211)
   defining Unicode char U+00D4 (decimal 212)
   defining Unicode char U+00D5 (decimal 213)
   defining Unicode char U+00D6 (decimal 214)
   defining Unicode char U+00D8 (decimal 216)
   defining Unicode char U+00D9 (decimal 217)
   defining Unicode char U+00DA (decimal 218)
   defining Unicode char U+00DB (decimal 219)
   defining Unicode char U+00DC (decimal 220)
   defining Unicode char U+00DD (decimal 221)
   defining Unicode char U+00DE (decimal 222)
   defining Unicode char U+00DF (decimal 223)
   defining Unicode char U+00E0 (decimal 224)
   defining Unicode char U+00E1 (decimal 225)
   defining Unicode char U+00E2 (decimal 226)
   defining Unicode char U+00E3 (decimal 227)
   defining Unicode char U+00E4 (decimal 228)
   defining Unicode char U+00E5 (decimal 229)
   defining Unicode char U+00E6 (decimal 230)
   defining Unicode char U+00E7 (decimal 231)
   defining Unicode char U+00E8 (decimal 232)
   defining Unicode char U+00E9 (decimal 233)
   defining Unicode char U+00EA (decimal 234)
   defining Unicode char U+00EB (decimal 235)
   defining Unicode char U+00EC (decimal 236)
   defining Unicode char U+00ED (decimal 237)
   defining Unicode char U+00EE (decimal 238)
   defining Unicode char U+00EF (decimal 239)
   defining Unicode char U+00F0 (decimal 240)
   defining Unicode char U+00F1 (decimal 241)
   defining Unicode char U+00F2 (decimal 242)
   defining Unicode char U+00F3 (decimal 243)
   defining Unicode char U+00F4 (decimal 244)
   defining Unicode char U+00F5 (decimal 245)
   defining Unicode char U+00F6 (decimal 246)
   defining Unicode char U+00F8 (decimal 248)
   defining Unicode char U+00F9 (decimal 249)
   defining Unicode char U+00FA (decimal 250)
   defining Unicode char U+00FB (decimal 251)
   defining Unicode char U+00FC (decimal 252)
   defining Unicode char U+00FD (decimal 253)
   defining Unicode char U+00FE (decimal 254)
   defining Unicode char U+00FF (decimal 255)
   defining Unicode char U+0102 (decimal 258)
   defining Unicode char U+0103 (decimal 259)
   defining Unicode char U+0104 (decimal 260)
   defining Unicode char U+0105 (decimal 261)
   defining Unicode char U+0106 (decimal 262)
   defining Unicode char U+0107 (decimal 263)
   defining Unicode char U+010C (decimal 268)
   defining Unicode char U+010D (decimal 269)
   defining Unicode char U+010E (decimal 270)
   defining Unicode char U+010F (decimal 271)
   defining Unicode char U+0110 (decimal 272)
   defining Unicode char U+0111 (decimal 273)
   defining Unicode char U+0118 (decimal 280)
   defining Unicode char U+0119 (decimal 281)
   defining Unicode char U+011A (decimal 282)
   defining Unicode char U+011B (decimal 283)
   defining Unicode char U+011E (decimal 286)
   defining Unicode char U+011F (decimal 287)
   defining Unicode char U+0130 (decimal 304)
   defining Unicode char U+0131 (decimal 305)
   defining Unicode char U+0132 (decimal 306)
   defining Unicode char U+0133 (decimal 307)
   defining Unicode char U+0139 (decimal 313)
   defining Unicode char U+013A (decimal 314)
   defining Unicode char U+013D (decimal 317)
   defining Unicode char U+013E (decimal 318)
   defining Unicode char U+0141 (decimal 321)
   defining Unicode char U+0142 (decimal 322)
   defining Unicode char U+0143 (decimal 323)
   defining Unicode char U+0144 (decimal 324)
   defining Unicode char U+0147 (decimal 327)
   defining Unicode char U+0148 (decimal 328)
   defining Unicode char U+014A (decimal 330)
   defining Unicode char U+014B (decimal 331)
   defining Unicode char U+0150 (decimal 336)
   defining Unicode char U+0151 (decimal 337)
   defining Unicode char U+0152 (decimal 338)
   defining Unicode char U+0153 (decimal 339)
   defining Unicode char U+0154 (decimal 340)
   defining Unicode char U+0155 (decimal 341)
   defining Unicode char U+0158 (decimal 344)
   defining Unicode char U+0159 (decimal 345)
   defining Unicode char U+015A (decimal 346)
   defining Unicode char U+015B (decimal 347)
   defining Unicode char U+015E (decimal 350)
   defining Unicode char U+015F (decimal 351)
   defining Unicode char U+0160 (decimal 352)
   defining Unicode char U+0161 (decimal 353)
   defining Unicode char U+0162 (decimal 354)
   defining Unicode char U+0163 (decimal 355)
   defining Unicode char U+0164 (decimal 356)
   defining Unicode char U+0165 (decimal 357)
   defining Unicode char U+016E (decimal 366)
   defining Unicode char U+016F (decimal 367)
   defining Unicode char U+0170 (decimal 368)
   defining Unicode char U+0171 (decimal 369)
   defining Unicode char U+0178 (decimal 376)
   defining Unicode char U+0179 (decimal 377)
   defining Unicode char U+017A (decimal 378)
   defining Unicode char U+017B (decimal 379)
   defining Unicode char U+017C (decimal 380)
   defining Unicode char U+017D (decimal 381)
   defining Unicode char U+017E (decimal 382)
   defining Unicode char U+200C (decimal 8204)
   defining Unicode char U+2013 (decimal 8211)
   defining Unicode char U+2014 (decimal 8212)
   defining Unicode char U+2018 (decimal 8216)
   defining Unicode char U+2019 (decimal 8217)
   defining Unicode char U+201A (decimal 8218)
   defining Unicode char U+201C (decimal 8220)
   defining Unicode char U+201D (decimal 8221)
   defining Unicode char U+201E (decimal 8222)
   defining Unicode char U+2030 (decimal 8240)
   defining Unicode char U+2031 (decimal 8241)
   defining Unicode char U+2039 (decimal 8249)
   defining Unicode char U+203A (decimal 8250)
   defining Unicode char U+2423 (decimal 9251)
)
Now handling font encoding OT1 ...
... processing UTF-8 mapping file for font encoding OT1

("C:\Program Files (x86)\MiKTeX 2.9\tex\latex\base\ot1enc.dfu"
File: ot1enc.dfu 2015/06/27 v1.1n UTF-8 support for inputenc
   defining Unicode char U+00A1 (decimal 161)
   defining Unicode char U+00A3 (decimal 163)
   defining Unicode char U+00B8 (decimal 184)
   defining Unicode char U+00BF (decimal 191)
   defining Unicode char U+00C5 (decimal 197)
   defining Unicode char U+00C6 (decimal 198)
   defining Unicode char U+00D8 (decimal 216)
   defining Unicode char U+00DF (decimal 223)
   defining Unicode char U+00E6 (decimal 230)
   defining Unicode char U+00EC (decimal 236)
   defining Unicode char U+00ED (decimal 237)
   defining Unicode char U+00EE (decimal 238)
   defining Unicode char U+00EF (decimal 239)
   defining Unicode char U+00F8 (decimal 248)
   defining Unicode char U+0131 (decimal 305)
   defining Unicode char U+0141 (decimal 321)
   defining Unicode char U+0142 (decimal 322)
   defining Unicode char U+0152 (decimal 338)
   defining Unicode char U+0153 (decimal 339)
   defining Unicode char U+2013 (decimal 8211)
   defining Unicode char U+2014 (decimal 8212)
   defining Unicode char U+2018 (decimal 8216)
   defining Unicode char U+2019 (decimal 8217)
   defining Unicode char U+201C (decimal 8220)
   defining Unicode char U+201D (decimal 8221)
)
Now handling font encoding OMS ...
... processing UTF-8 mapping file for font encoding OMS

("C:\Program Files (x86)\MiKTeX 2.9\tex\latex\base\omsenc.dfu"
File: omsenc.dfu 2015/06/27 v1.1n UTF-8 support for inputenc
   defining Unicode char U+00A7 (decimal 167)
   defining Unicode char U+00B6 (decimal 182)
   defining Unicode char U+00B7 (decimal 183)
   defining Unicode char U+2020 (decimal 8224)
   defining Unicode char U+2021 (decimal 8225)
   defining Unicode char U+2022 (decimal 8226)
)
Now handling font encoding OMX ...
... no UTF-8 mapping file for font encoding OMX
Now handling font encoding U ...
... no UTF-8 mapping file for font encoding U
   defining Unicode char U+00A9 (decimal 169)
   defining Unicode char U+00AA (decimal 170)
   defining Unicode char U+00AE (decimal 174)
   defining Unicode char U+00BA (decimal 186)
   defining Unicode char U+02C6 (decimal 710)
   defining Unicode char U+02DC (decimal 732)
   defining Unicode char U+200C (decimal 8204)
   defining Unicode char U+2026 (decimal 8230)
   defining Unicode char U+2122 (decimal 8482)
   defining Unicode char U+2423 (decimal 9251)
))
("C:\Program Files (x86)\MiKTeX 2.9\tex\latex\psnfss\charter.sty"
Package: charter 2005/04/12 PSNFSS-v9.2a (P.Dyballa) 
)
("C:\Program Files (x86)\MiKTeX 2.9\tex\latex\graphics\graphicx.sty"
Package: graphicx 2014/10/28 v1.0g Enhanced LaTeX Graphics (DPC,SPQR)

("C:\Program Files (x86)\MiKTeX 2.9\tex\latex\graphics\keyval.sty"
Package: keyval 2014/10/28 v1.15 key=value parser (DPC)
\KV@toks@=\toks17
)
("C:\Program Files (x86)\MiKTeX 2.9\tex\latex\graphics\graphics.sty"
Package: graphics 2014/10/28 v1.0p Standard LaTeX Graphics (DPC,SPQR)

("C:\Program Files (x86)\MiKTeX 2.9\tex\latex\graphics\trig.sty"
Package: trig 1999/03/16 v1.09 sin cos tan (DPC)
)
("C:\Program Files (x86)\MiKTeX 2.9\tex\latex\00miktex\graphics.cfg"
File: graphics.cfg 2007/01/18 v1.5 graphics configuration of teTeX/TeXLive
)
Package graphics Info: Driver file: pdftex.def on input line 94.

("C:\Program Files (x86)\MiKTeX 2.9\tex\latex\pdftex-def\pdftex.def"
File: pdftex.def 2011/05/27 v0.06d Graphics/color for pdfTeX

("C:\Program Files (x86)\MiKTeX 2.9\tex\generic\oberdiek\infwarerr.sty"
Package: infwarerr 2010/04/08 v1.3 Providing info/warning/error messages (HO)
)
("C:\Program Files (x86)\MiKTeX 2.9\tex\generic\oberdiek\ltxcmds.sty"
Package: ltxcmds 2011/11/09 v1.22 LaTeX kernel commands for general use (HO)
)
\Gread@gobject=\count89
))
\Gin@req@height=\dimen104
\Gin@req@width=\dimen105
)
("C:\Program Files (x86)\MiKTeX 2.9\tex\latex\paralist\paralist.sty"
Package: paralist 2016/08/07 v2.6 Extended list environments
\pltopsep=\skip43
\plpartopsep=\skip44
\plitemsep=\skip45
\plparsep=\skip46
\pl@lab=\toks18
)
("C:\Program Files (x86)\MiKTeX 2.9\tex\latex\underscore\underscore.sty"
Package: underscore 2006/09/13
LaTeX Info: Redefining \_ on input line 42.
)
(caratula.sty
Package: caratula 2005/08/09 v0.3 Para componer caratulas de TPs del DC

Cargando package 'caratula' v0.3 (2005/08/09)
\intlist=\toks19
) ("C:\Program Files (x86)\MiKTeX 2.9\tex\latex\url\url.sty"
\Urlmuskip=\muskip10
Package: url 2013/09/16  ver 3.4  Verb mode for urls, etc.
)
("C:\Program Files (x86)\MiKTeX 2.9\tex\latex\tools\array.sty"
Package: array 2014/10/28 v2.4c Tabular extension package (FMi)
\col@sep=\dimen106
\extrarowheight=\dimen107
\NC@list=\toks20
\extratabsurround=\skip47
\backup@length=\skip48
)
("C:\Program Files (x86)\MiKTeX 2.9\tex\latex\lineno\lineno.sty"
Package: lineno 2005/11/02 line numbers on paragraphs v4.41
\linenopenalty=\count90
\output=\toks21
\linenoprevgraf=\count91
\linenumbersep=\dimen108
\linenumberwidth=\dimen109
\c@linenumber=\count92
\c@pagewiselinenumber=\count93
\c@LN@truepage=\count94
\c@internallinenumber=\count95
\c@internallinenumbers=\count96
\quotelinenumbersep=\dimen110
\bframerule=\dimen111
\bframesep=\dimen112
\bframebox=\box26
LaTeX Info: Redefining \\ on input line 3056.
)
("C:\Program Files (x86)\MiKTeX 2.9\tex\latex\graphics\color.sty"
Package: color 2014/10/28 v1.1a Standard LaTeX Color (DPC)

("C:\Program Files (x86)\MiKTeX 2.9\tex\latex\00miktex\color.cfg"
File: color.cfg 2007/01/18 v1.5 color configuration of teTeX/TeXLive
)
Package color Info: Driver file: pdftex.def on input line 142.
)
("C:\Program Files (x86)\MiKTeX 2.9\tex\latex\fancybox\fancybox.sty"
Package: fancybox 2010/05/15 1.4

Style option: `fancybox' v1.4 <2010/05/15> (tvz)
\@fancybox=\box27
\shadowsize=\dimen113
\@Sbox=\box28
\do@VerbBox=\toks22
\the@fancyput=\toks23
\this@fancyput=\toks24
\EndVerbatimTokens=\toks25
\Verbatim@Outfile=\write3
\Verbatim@Infile=\read1
) ("C:\Program Files (x86)\MiKTeX 2.9\tex\latex\fancyhdr\fancyhdr.sty"
Package: fancyhdr 2016/09/06 3.8 Extensive control of page headers and footers
\fancy@headwidth=\skip49
\f@ncyO@elh=\skip50
\f@ncyO@erh=\skip51
\f@ncyO@olh=\skip52
\f@ncyO@orh=\skip53
\f@ncyO@elf=\skip54
\f@ncyO@erf=\skip55
\f@ncyO@olf=\skip56
\f@ncyO@orf=\skip57
)
(informe.aux
LaTeX Info: Redefining \. on input line 7.
LaTeX Info: Redefining \% on input line 7.
)
LaTeX Font Info:    Checking defaults for OML/cmm/m/it on input line 91.
LaTeX Font Info:    ... okay on input line 91.
LaTeX Font Info:    Checking defaults for T1/cmr/m/n on input line 91.
LaTeX Font Info:    ... okay on input line 91.
LaTeX Font Info:    Checking defaults for OT1/cmr/m/n on input line 91.
LaTeX Font Info:    ... okay on input line 91.
LaTeX Font Info:    Checking defaults for OMS/cmsy/m/n on input line 91.
LaTeX Font Info:    ... okay on input line 91.
LaTeX Font Info:    Checking defaults for OMX/cmex/m/n on input line 91.
LaTeX Font Info:    ... okay on input line 91.
LaTeX Font Info:    Checking defaults for U/cmr/m/n on input line 91.
LaTeX Font Info:    ... okay on input line 91.
LaTeX Font Info:    Try loading font information for OT1+bch on input line 91.
 ("C:\Program Files (x86)\MiKTeX 2.9\tex\latex\psnfss\ot1bch.fd"
File: ot1bch.fd 2004/10/18 font definitions for OT1/bch.
)
LaTeX Info: Redefining \. on input line 91.
LaTeX Info: Redefining \% on input line 91.

("C:\Program Files (x86)\MiKTeX 2.9\tex\context\base\supp-pdf.mkii"
[Loading MPS to PDF converter (version 2006.09.02).]
\scratchcounter=\count97
\scratchdimen=\dimen114
\scratchbox=\box29
\nofMPsegments=\count98
\nofMParguments=\count99
\everyMPshowfont=\toks26
\MPscratchCnt=\count100
\MPscratchDim=\dimen115
\MPnumerator=\count101
\makeMPintoPDFobject=\count102
\everyMPtoPDFconversion=\toks27
) <imagenes/logodc.jpg, id=1, 215.6055pt x 83.5923pt>
File: imagenes/logodc.jpg Graphic file (type jpg)

<use imagenes/logodc.jpg>
Package pdftex.def Info: imagenes/logodc.jpg used on input line 102.
(pdftex.def)             Requested size: 215.60497pt x 83.59207pt.
LaTeX Font Info:    External font `cmex10' loaded for size
(Font)              <7> on input line 102.
LaTeX Font Info:    External font `cmex10' loaded for size
(Font)              <5> on input line 102.

<imagenes/logouba.jpg, id=2, 225.4824pt x 231.7458pt>
File: imagenes/logouba.jpg Graphic file (type jpg)

<use imagenes/logouba.jpg>
Package pdftex.def Info: imagenes/logouba.jpg used on input line 102.
(pdftex.def)             Requested size: 225.48184pt x 231.74522pt.


LaTeX Font Warning: Font shape `OT1/cmss/b/n' undefined
(Font)              using `OT1/cmss/m/n' instead on input line 102.


Underfull \hbox (badness 10000) in paragraph at lines 102--102

 []


Overfull \hbox (22.76358pt too wide) in paragraph at lines 102--102
[][][] 
 []

[1

{C:/Users/Alejo/AppData/Local/MiKTeX/2.9/pdftex/config/pdftex.map} <./imagenes/
logodc.jpg> <./imagenes/logouba.jpg>] (informe.toc
LaTeX Info: Redefining \. on input line 1.
LaTeX Info: Redefining \% on input line 1.
)
\tf@toc=\write4
 [2]
<imagenes/lena.png, id=14, 513.92pt x 513.92pt>
File: imagenes/lena.png Graphic file (type png)
 <use imagenes/lena.png>
Package pdftex.def Info: imagenes/lena.png used on input line 131.
(pdftex.def)             Requested size: 91.04742pt x 91.04303pt.

<imagenes/lena-smalltiles.png, id=15, 256.96pt x 256.96pt>
File: imagenes/lena-smalltiles.png Graphic file (type png)

<use imagenes/lena-smalltiles.png>
Package pdftex.def Info: imagenes/lena-smalltiles.png used on input line 135.
(pdftex.def)             Requested size: 91.04742pt x 91.04695pt.
File: imagenes/lena.png Graphic file (type png)
 <use imagenes/lena.png>
Package pdftex.def Info: imagenes/lena.png used on input line 144.
(pdftex.def)             Requested size: 91.04742pt x 91.04303pt.

<imagenes/lena-rotar-canales.png, id=16, 256.96pt x 256.96pt>
File: imagenes/lena-rotar-canales.png Graphic file (type png)

<use imagenes/lena-rotar-canales.png>
Package pdftex.def Info: imagenes/lena-rotar-canales.png used on input line 151
.
(pdftex.def)             Requested size: 91.04742pt x 91.04695pt.
File: imagenes/lena.png Graphic file (type png)
 <use imagenes/lena.png>
Package pdftex.def Info: imagenes/lena.png used on input line 160.
(pdftex.def)             Requested size: 91.04742pt x 91.04303pt.

<imagenes/lena-pixelar.png, id=17, 192.72pt x 192.72pt>
File: imagenes/lena-pixelar.png Graphic file (type png)

<use imagenes/lena-pixelar.png>
Package pdftex.def Info: imagenes/lena-pixelar.png used on input line 164.
(pdftex.def)             Requested size: 91.04742pt x 91.04596pt.
File: imagenes/lena.png Graphic file (type png)
 <use imagenes/lena.png>
Package pdftex.def Info: imagenes/lena.png used on input line 173.
(pdftex.def)             Requested size: 91.04742pt x 91.04303pt.

<imagenes/lena-combinar.png, id=18, 192.72pt x 192.72pt>
File: imagenes/lena-combinar.png Graphic file (type png)

<use imagenes/lena-combinar.png>
Package pdftex.def Info: imagenes/lena-combinar.png used on input line 177.
(pdftex.def)             Requested size: 91.04742pt x 91.04596pt.
LaTeX Info: Redefining \. on input line 179.
LaTeX Info: Redefining \% on input line 179.
 [3 <./imagenes/lena.png> <./imagenes/lena-smalltiles.png> <./imagenes/lena-rot
ar-canales.png> <./imagenes/lena-pixelar.png (PNG copy)>]
File: imagenes/lena.png Graphic file (type png)
 <use imagenes/lena.png>
Package pdftex.def Info: imagenes/lena.png used on input line 217.
(pdftex.def)             Requested size: 91.04742pt x 91.04303pt.

<imagenes/lena-colorizar.png, id=23, 256.96pt x 256.96pt>
File: imagenes/lena-colorizar.png Graphic file (type png)

<use imagenes/lena-colorizar.png>
Package pdftex.def Info: imagenes/lena-colorizar.png used on input line 221.
(pdftex.def)             Requested size: 91.04742pt x 91.04695pt.
LaTeX Info: Redefining \. on input line 224.
LaTeX Info: Redefining \% on input line 224.
 [4 <./imagenes/lena-combinar.png (PNG copy)> <./imagenes/lena-colorizar.png>]
<imagenes/diagramas/smalltiles/nombrepixeles2.png, id=31, 646.415pt x 325.215pt
>
File: imagenes/diagramas/smalltiles/nombrepixeles2.png Graphic file (type png)
 <use imagenes/diagramas/smalltiles/nombrepixeles2.png>
Package pdftex.def Info: imagenes/diagramas/smalltiles/nombrepixeles2.png used 
on input line 239.
(pdftex.def)             Requested size: 129.2807pt x 65.04184pt.

<imagenes/diagramas/smalltiles/shuffle2.png, id=33, 485.815pt x 234.8775pt>
File: imagenes/diagramas/smalltiles/shuffle2.png Graphic file (type png)

<use imagenes/diagramas/smalltiles/shuffle2.png>
Package pdftex.def Info: imagenes/diagramas/smalltiles/shuffle2.png used on inp
ut line 249.
(pdftex.def)             Requested size: 97.16127pt x 46.97466pt.

<imagenes/diagramas/smalltiles/output.png, id=34, 605.26125pt x 566.115pt>
File: imagenes/diagramas/smalltiles/output.png Graphic file (type png)

<use imagenes/diagramas/smalltiles/output.png>
Package pdftex.def Info: imagenes/diagramas/smalltiles/output.png used on input
 line 258.
(pdftex.def)             Requested size: 181.57976pt x 169.8358pt.
LaTeX Info: Redefining \. on input line 266.
LaTeX Info: Redefining \% on input line 266.
 [5

 <./imagenes/diagramas/smalltiles/nombrepixeles2.png> <./imagenes/diagramas/sma
lltiles/shuffle2.png> <./imagenes/diagramas/smalltiles/output.png>]
Overfull \hbox (6.0pt too wide) in paragraph at lines 312--312
 [][][][][][] 
 []

LaTeX Info: Redefining \. on input line 314.
LaTeX Info: Redefining \% on input line 314.
[6

] <imagenes/diagramas/rotar/leer.png, id=46, 646.415pt x 325.215pt>
File: imagenes/diagramas/rotar/leer.png Graphic file (type png)

<use imagenes/diagramas/rotar/leer.png>
Package pdftex.def Info: imagenes/diagramas/rotar/leer.png used on input line 3
27.
(pdftex.def)             Requested size: 258.56142pt x 130.0837pt.

<imagenes/diagramas/rotar/shufflerotar.png, id=47, 646.415pt x 194.7275pt>
File: imagenes/diagramas/rotar/shufflerotar.png Graphic file (type png)

<use imagenes/diagramas/rotar/shufflerotar.png>
Package pdftex.def Info: imagenes/diagramas/rotar/shufflerotar.png used on inpu
t line 337.
(pdftex.def)             Requested size: 258.56142pt x 77.8896pt.

Overfull \hbox (6.0pt too wide) in paragraph at lines 411--411
 [][][][][][] 
 []

LaTeX Info: Redefining \. on input line 411.
LaTeX Info: Redefining \% on input line 411.
[7

 <./imagenes/diagramas/rotar/leer.png> <./imagenes/diagramas/rotar/shufflerotar
.png>]
Overfull \vbox (6.93405pt too high) has occurred while \output is active []

LaTeX Info: Redefining \. on input line 411.
LaTeX Info: Redefining \% on input line 411.

[8]
<imagenes/diagramas/pixelar/nombrePixeles.png, id=57, 325.215pt x 164.615pt>
File: imagenes/diagramas/pixelar/nombrePixeles.png Graphic file (type png)

<use imagenes/diagramas/pixelar/nombrePixeles.png>
Package pdftex.def Info: imagenes/diagramas/pixelar/nombrePixeles.png used on i
nput line 426.
(pdftex.def)             Requested size: 243.91064pt x 123.46094pt.

<imagenes/diagramas/pixelar/shufflePixeles.png, id=58, 163.61125pt x 123.46124p
t>
File: imagenes/diagramas/pixelar/shufflePixeles.png Graphic file (type png)
 <use imagenes/diagramas/pixelar/shufflePixeles.png>
Package pdftex.def Info: imagenes/diagramas/pixelar/shufflePixeles.png used on 
input line 439.
(pdftex.def)             Requested size: 122.70813pt x 92.59569pt.

<imagenes/diagramas/pixelar/unpackPixeles.png, id=59, 364.36125pt x 143.53625pt
>
File: imagenes/diagramas/pixelar/unpackPixeles.png Graphic file (type png)
 <use imagenes/diagramas/pixelar/unpackPixeles.png>
Package pdftex.def Info: imagenes/diagramas/pixelar/unpackPixeles.png used on i
nput line 452.
(pdftex.def)             Requested size: 273.27026pt x 107.65192pt.
LaTeX Info: Redefining \. on input line 457.
LaTeX Info: Redefining \% on input line 457.
 [9

 <./imagenes/diagramas/pixelar/nombrePixeles.png> <./imagenes/diagramas/pixelar
/shufflePixeles.png>]
<imagenes/diagramas/pixelar/destPixeles.png, id=64, 325.215pt x 164.615pt>
File: imagenes/diagramas/pixelar/destPixeles.png Graphic file (type png)

<use imagenes/diagramas/pixelar/destPixeles.png>
Package pdftex.def Info: imagenes/diagramas/pixelar/destPixeles.png used on inp
ut line 462.
(pdftex.def)             Requested size: 243.91064pt x 123.46094pt.

Overfull \hbox (6.0pt too wide) in paragraph at lines 511--511
 [][][][][][] 
 []

LaTeX Info: Redefining \. on input line 511.
LaTeX Info: Redefining \% on input line 511.
[10 <./imagenes/diagramas/pixelar/unpackPixeles.png> <./imagenes/diagramas/pixe
lar/destPixeles.png>]
LaTeX Info: Redefining \. on input line 512.
LaTeX Info: Redefining \% on input line 512.
 [11]
<imagenes/diagramas/combinar/extenderPixeles.png, id=73, 675.52374pt x 163.6112
5pt>
File: imagenes/diagramas/combinar/extenderPixeles.png Graphic file (type png)
 <use imagenes/diagramas/combinar/extenderPixeles.png>
Package pdftex.def Info: imagenes/diagramas/combinar/extenderPixeles.png used o
n input line 529.
(pdftex.def)             Requested size: 270.20471pt x 65.44333pt.

<imagenes/diagramas/combinar/empaquetarPixeles.png, id=74, 706.64pt x 284.06125
pt>
File: imagenes/diagramas/combinar/empaquetarPixeles.png Graphic file (type png)

 <use imagenes/diagramas/combinar/empaquetarPixeles.png>
Package pdftex.def Info: imagenes/diagramas/combinar/empaquetarPixeles.png used
 on input line 548.
(pdftex.def)             Requested size: 282.65099pt x 113.62247pt.

Overfull \hbox (6.0pt too wide) in paragraph at lines 622--622
 [][][][][][] 
 []

LaTeX Info: Redefining \. on input line 622.
LaTeX Info: Redefining \% on input line 622.
[12

 <./imagenes/diagramas/combinar/extenderPixeles.png> <./imagenes/diagramas/comb
inar/empaquetarPixeles.png>]
LaTeX Info: Redefining \. on input line 623.
LaTeX Info: Redefining \% on input line 623.
 [13]
LaTeX Info: Redefining \. on input line 626.
LaTeX Info: Redefining \% on input line 626.
 [14

]
Overfull \hbox (6.0pt too wide) in paragraph at lines 687--687
 [][][][][][] 
 []

LaTeX Info: Redefining \. on input line 687.
LaTeX Info: Redefining \% on input line 687.
[15

]
LaTeX Info: Redefining \. on input line 708.
LaTeX Info: Redefining \% on input line 708.
 [16]
<imagenes/diagramas/graficos/ProporcionCacheMissesEnFiltros.png, id=93, 794.97p
t x 578.16pt>
File: imagenes/diagramas/graficos/ProporcionCacheMissesEnFiltros.png Graphic fi
le (type png)

<use imagenes/diagramas/graficos/ProporcionCacheMissesEnFiltros.png>
Package pdftex.def Info: imagenes/diagramas/graficos/ProporcionCacheMissesEnFil
tros.png used on input line 719.
(pdftex.def)             Requested size: 476.98569pt x 346.89867pt.

Overfull \hbox (21.74161pt too wide) in paragraph at lines 719--720
 [] 
 []


<imagenes/diagramas/graficos/TiemposDeEjecucionEnFiltros.png, id=94, 794.97pt x
 755.9442pt>
File: imagenes/diagramas/graficos/TiemposDeEjecucionEnFiltros.png Graphic file 
(type png)
 <use imagenes/diagramas/graficos/TiemposDeEjecucionEnFiltros.png>
Package pdftex.def Info: imagenes/diagramas/graficos/TiemposDeEjecucionEnFiltro
s.png used on input line 729.
(pdftex.def)             Requested size: 476.98569pt x 453.57002pt.

Overfull \hbox (21.74161pt too wide) in paragraph at lines 729--730
 [] 
 []

LaTeX Info: Redefining \. on input line 739.
LaTeX Info: Redefining \% on input line 739.
[17 <./imagenes/diagramas/graficos/ProporcionCacheMissesEnFiltros.png>]
<imagenes/diagramas/graficos/LowWidthInstruccionesPixelar.png, id=99, 794.97pt 
x 578.16pt>
File: imagenes/diagramas/graficos/LowWidthInstruccionesPixelar.png Graphic file
 (type png)
 <use imagenes/diagramas/graficos/LowWidthInstruccionesPixelar.png>
Package pdftex.def Info: imagenes/diagramas/graficos/LowWidthInstruccionesPixel
ar.png used on input line 747.
(pdftex.def)             Requested size: 476.98569pt x 346.89867pt.

Overfull \hbox (21.74161pt too wide) in paragraph at lines 747--748
 [] 
 []


<imagenes/diagramas/graficos/LowWidthCacheMissesPixelar.png, id=100, 794.97pt x
 578.16pt>
File: imagenes/diagramas/graficos/LowWidthCacheMissesPixelar.png Graphic file (
type png)
 <use imagenes/diagramas/graficos/LowWidthCacheMissesPixelar.png>
Package pdftex.def Info: imagenes/diagramas/graficos/LowWidthCacheMissesPixelar
.png used on input line 755.
(pdftex.def)             Requested size: 476.98569pt x 346.89867pt.

Overfull \hbox (21.74161pt too wide) in paragraph at lines 755--756
 [] 
 []


<imagenes/diagramas/graficos/LowWidthCacheMissesEInstruccionesPixelar.png, id=1
01, 794.97pt x 578.16pt>
File: imagenes/diagramas/graficos/LowWidthCacheMissesEInstruccionesPixelar.png 
Graphic file (type png)

<use imagenes/diagramas/graficos/LowWidthCacheMissesEInstruccionesPixelar.png>
Package pdftex.def Info: imagenes/diagramas/graficos/LowWidthCacheMissesEInstru
ccionesPixelar.png used on input line 763.
(pdftex.def)             Requested size: 476.98569pt x 346.89867pt.

Overfull \hbox (21.74161pt too wide) in paragraph at lines 763--764
 [] 
 []

LaTeX Info: Redefining \. on input line 780.
LaTeX Info: Redefining \% on input line 780.
[18 <./imagenes/diagramas/graficos/TiemposDeEjecucionEnFiltros.png>]
LaTeX Info: Redefining \. on input line 780.
LaTeX Info: Redefining \% on input line 780.
 [19 <./imagenes/diagramas/graficos/LowWidthInstruccionesPixelar.png>]
LaTeX Info: Redefining \. on input line 780.
LaTeX Info: Redefining \% on input line 780.
 [20 <./imagenes/diagramas/graficos/LowWidthCacheMissesPixelar.png>]
LaTeX Info: Redefining \. on input line 780.
LaTeX Info: Redefining \% on input line 780.
 [21 <./imagenes/diagramas/graficos/LowWidthCacheMissesEInstruccionesPixelar.pn
g>] (informe.aux
LaTeX Info: Redefining \. on input line 7.
LaTeX Info: Redefining \% on input line 7.
)

LaTeX Font Warning: Some font shapes were not available, defaults substituted.

 ) 
Here is how much of TeX's memory you used:
 3175 strings out of 493673
 44337 string characters out of 3141531
 115942 words of memory out of 3000000
 6456 multiletter control sequences out of 15000+200000
 22653 words of font info for 39 fonts, out of 3000000 for 9000
 1025 hyphenation exceptions out of 8191
 34i,21n,43p,857b,443s stack positions out of 5000i,500n,10000p,200000b,50000s
{C:/Program Files (x86)/MiKTeX 2.9/fonts/enc/dvips/fontname/8r.enc}<C:/Progra
m Files (x86)/MiKTeX 2.9/fonts/type1/bitstrea/charter/bchb8a.pfb><C:/Program Fi
les (x86)/MiKTeX 2.9/fonts/type1/bitstrea/charter/bchr8a.pfb><C:/Program Files 
(x86)/MiKTeX 2.9/fonts/type1/public/amsfonts/cm/cmex10.pfb><C:/Program Files (x
86)/MiKTeX 2.9/fonts/type1/public/amsfonts/cm/cmmi10.pfb><C:/Program Files (x86
)/MiKTeX 2.9/fonts/type1/public/amsfonts/cm/cmmi7.pfb><C:/Program Files (x86)/M
iKTeX 2.9/fonts/type1/public/amsfonts/cm/cmr10.pfb><C:/Program Files (x86)/MiKT
eX 2.9/fonts/type1/public/amsfonts/cm/cmss10.pfb><C:/Program Files (x86)/MiKTeX
 2.9/fonts/type1/public/amsfonts/cm/cmss8.pfb><C:/Program Files (x86)/MiKTeX 2.
9/fonts/type1/public/amsfonts/cm/cmsy10.pfb><C:/Program Files (x86)/MiKTeX 2.9/
fonts/type1/public/amsfonts/cm/cmtt10.pfb><C:/Program Files (x86)/MiKTeX 2.9/fo
nts/type1/public/amsfonts/cm/cmtt9.pfb>
Output written on informe.pdf (21 pages, 2264339 bytes).
PDF statistics:
 155 PDF objects out of 1000 (max. 8388607)
 0 named destinations out of 1000 (max. 500000)
 121 words of extra memory for PDF output out of 10000 (max. 10000000)

